<?xml version="1.0" encoding="UTF-8"?>
<testsuite xmlns:xsi="http://www.w3.org/2001/XMLSchema-instance" xsi:noNamespaceSchemaLocation="https://maven.apache.org/surefire/maven-surefire-plugin/xsd/surefire-test-report.xsd" version="3.0.2" name="com.example.demo.JournalAppApplicationTests" time="6.573" tests="1" errors="0" skipped="0" failures="0">
  <properties>
[...]
</properties>
  <testcase name="contextLoads" classname="com.example.demo.JournalAppApplicationTests" time="0.344">
    <system-out><![CDATA[19:51:15.886 [main] INFO org.springframework.test.context.support.AnnotationConfigContextLoaderUtils -- Could not detect default configuration classes for test class [com.example.demo.JournalAppApplicationTests]: JournalAppApplicationTests does not declare any static, non-private, non-final, nested classes annotated with @Configuration.
19:51:16.026 [main] INFO org.springframework.boot.test.context.SpringBootTestContextBootstrapper -- Found @SpringBootConfiguration com.example.demo.JournalAppApplication for test class com.example.demo.JournalAppApplicationTests

  .   ____          _            __ _ _
 /\\ / ___'_ __ _ _(_)_ __  __ _ \ \ \ \
( ( )\___ | '_ | '_| | '_ \/ _` | \ \ \ \
 \\/  ___)| |_)| | | | | || (_| |  ) ) ) )
  '  |____| .__|_| |_|_| |_\__, | / / / /
 =========|_|==============|___/=/_/_/_/

 :: Spring Boot ::                (v3.4.0)

2024-12-12T19:51:16.395+06:00  WARN 43933 --- [Journal-App] [           main] ory$DuplicateJsonObjectContextCustomizer : 

Found multiple occurrences of org.json.JSONObject on the class path:

	jar:file:/Users/aizirekibraimova/.m2/repository/org/json/json/20220320/json-20220320.jar!/org/json/JSONObject.class
	jar:file:/Users/aizirekibraimova/.m2/repository/com/vaadin/external/google/android-json/0.0.20131108.vaadin1/android-json-0.0.20131108.vaadin1.jar!/org/json/JSONObject.class

You may wish to exclude one of them to ensure predictable runtime behavior

2024-12-12T19:51:16.413+06:00  INFO 43933 --- [Journal-App] [           main] c.e.demo.JournalAppApplicationTests      : Starting JournalAppApplicationTests using Java 20.0.2 with PID 43933 (started by aizirekibraimova in /Users/aizirekibraimova/Desktop/Journal-App)
2024-12-12T19:51:16.413+06:00  INFO 43933 --- [Journal-App] [           main] c.e.demo.JournalAppApplicationTests      : No active profile set, falling back to 1 default profile: "default"
2024-12-12T19:51:16.967+06:00  INFO 43933 --- [Journal-App] [           main] .s.d.r.c.RepositoryConfigurationDelegate : Bootstrapping Spring Data JPA repositories in DEFAULT mode.
2024-12-12T19:51:16.984+06:00  INFO 43933 --- [Journal-App] [           main] .i.s.PathMatchingResourcePatternResolver : Skipping search for files matching pattern [**/*.class]: directory [/Users/aizirekibraimova/Desktop/Journal-App/target/test-classes/com/example/demo/repository] does not exist
2024-12-12T19:51:17.009+06:00  INFO 43933 --- [Journal-App] [           main] .i.s.PathMatchingResourcePatternResolver : Skipping search for files matching pattern [**/*Impl.class]: directory [/Users/aizirekibraimova/Desktop/Journal-App/target/test-classes/com/example/demo/repository] does not exist
2024-12-12T19:51:17.019+06:00  INFO 43933 --- [Journal-App] [           main] .s.d.r.c.RepositoryConfigurationDelegate : Finished Spring Data repository scanning in 39 ms. Found 5 JPA repository interfaces.
2024-12-12T19:51:17.508+06:00  INFO 43933 --- [Journal-App] [           main] .i.s.PathMatchingResourcePatternResolver : Skipping search for files matching pattern [**/*.class]: directory [/Users/aizirekibraimova/Desktop/Journal-App/target/test-classes/com/example/demo/entity] does not exist
2024-12-12T19:51:17.551+06:00  INFO 43933 --- [Journal-App] [           main] o.hibernate.jpa.internal.util.LogHelper  : HHH000204: Processing PersistenceUnitInfo [name: default]
2024-12-12T19:51:17.649+06:00  INFO 43933 --- [Journal-App] [           main] org.hibernate.Version                    : HHH000412: Hibernate ORM core version 6.6.2.Final
2024-12-12T19:51:17.710+06:00  INFO 43933 --- [Journal-App] [           main] o.h.c.internal.RegionFactoryInitiator    : HHH000026: Second-level cache disabled
2024-12-12T19:51:18.041+06:00  INFO 43933 --- [Journal-App] [           main] o.s.o.j.p.SpringPersistenceUnitInfo      : No LoadTimeWeaver setup: ignoring JPA class transformer
2024-12-12T19:51:18.073+06:00  INFO 43933 --- [Journal-App] [           main] com.zaxxer.hikari.HikariDataSource       : HikariPool-1 - Starting...
2024-12-12T19:51:19.223+06:00  INFO 43933 --- [Journal-App] [           main] com.zaxxer.hikari.pool.HikariPool        : HikariPool-1 - Added connection org.postgresql.jdbc.PgConnection@2c16677c
2024-12-12T19:51:19.224+06:00  INFO 43933 --- [Journal-App] [           main] com.zaxxer.hikari.HikariDataSource       : HikariPool-1 - Start completed.
2024-12-12T19:51:19.567+06:00  WARN 43933 --- [Journal-App] [           main] org.hibernate.orm.deprecation            : HHH90000025: PostgreSQLDialect does not need to be specified explicitly using 'hibernate.dialect' (remove the property setting and it will be selected by default)
2024-12-12T19:51:19.592+06:00  INFO 43933 --- [Journal-App] [           main] org.hibernate.orm.connections.pooling    : HHH10001005: Database info:
	Database JDBC URL [Connecting through datasource 'HikariDataSource (HikariPool-1)']
	Database driver: undefined/unknown
	Database version: 15.4
	Autocommit mode: undefined/unknown
	Isolation level: undefined/unknown
	Minimum pool size: undefined/unknown
	Maximum pool size: undefined/unknown
2024-12-12T19:51:20.447+06:00  INFO 43933 --- [Journal-App] [           main] o.h.e.t.j.p.i.JtaPlatformInitiator       : HHH000489: No JTA platform available (set 'hibernate.transaction.jta.platform' to enable JTA platform integration)
2024-12-12T19:51:20.458+06:00  INFO 43933 --- [Journal-App] [           main] org.hibernate.orm.connections.access     : HHH10001501: Connection obtained from JdbcConnectionAccess [org.hibernate.engine.jdbc.env.internal.JdbcEnvironmentInitiator$ConnectionProviderJdbcConnectionAccess@638d624a] for (non-JTA) DDL execution was not in auto-commit mode; the Connection 'local transaction' will be committed and the Connection will be set into auto-commit mode.
2024-12-12T19:51:20.819+06:00  INFO 43933 --- [Journal-App] [           main] j.LocalContainerEntityManagerFactoryBean : Initialized JPA EntityManagerFactory for persistence unit 'default'
2024-12-12T19:51:21.216+06:00  INFO 43933 --- [Journal-App] [           main] o.s.d.j.r.query.QueryEnhancerFactory     : Hibernate is in classpath; If applicable, HQL parser will be used.
2024-12-12T19:51:21.729+06:00 DEBUG 43933 --- [Journal-App] [           main] o.s.s.web.DefaultSecurityFilterChain     : Will secure any request with filters: DisableEncodeUrlFilter, WebAsyncManagerIntegrationFilter, SecurityContextHolderFilter, HeaderWriterFilter, LogoutFilter, JwtAuthenticationFilter, RequestCacheAwareFilter, SecurityContextHolderAwareRequestFilter, AnonymousAuthenticationFilter, SessionManagementFilter, ExceptionTranslationFilter, AuthorizationFilter
2024-12-12T19:51:21.897+06:00  INFO 43933 --- [Journal-App] [           main] c.e.demo.JournalAppApplicationTests      : Started JournalAppApplicationTests in 5.706 seconds (process running for 6.694)
]]></system-out>
  </testcase>
</testsuite>